#
# A fatal error has been detected by the Java Runtime Environment:
#
#  SIGSEGV (0xb) at pc=0x000000010674f171, pid=4575, tid=13315
#
# JRE version: Java(TM) SE Runtime Environment (9.0+11) (build 9.0.4+11)
# Java VM: Java HotSpot(TM) 64-Bit Server VM (9.0.4+11, mixed mode, tiered, compressed oops, g1 gc, bsd-amd64)
# Problematic frame:
# V  [libjvm.dylib+0x34f171]
#
# No core dump will be written. Core dumps have been disabled. To enable core dumping, try "ulimit -c unlimited" before starting Java again
#
# If you would like to submit a bug report, please visit:
#   http://bugreport.java.com/bugreport/crash.jsp
#

---------------  S U M M A R Y ------------

Command Line: -agentlib:jdwp=transport=dt_socket,suspend=y,address=localhost:56266 -Dfile.encoding=UTF-8 player.Board

Host: MacBookAir6,2 x86_64 1400 MHz, 4 cores, 4G, Darwin 17.4.0
Time: Thu Mar 29 01:43:58 2018 CST elapsed time: 1118 seconds (0d 0h 18m 38s)

---------------  T H R E A D  ---------------

Current thread (0x00007f8323817000):  VMThread "VM Thread" [stack: 0x0000700001e98000,0x0000700001f98000] [id=13315]

Stack: [0x0000700001e98000,0x0000700001f98000],  sp=0x0000700001f97650,  free space=1021k
Native frames: (J=compiled Java code, A=aot compiled Java code, j=interpreted, Vv=VM code, C=native code)
V  [libjvm.dylib+0x34f171]
V  [libjvm.dylib+0x34f3a6]
V  [libjvm.dylib+0x34f27d]
V  [libjvm.dylib+0x352609]
V  [libjvm.dylib+0x5e8c48]
V  [libjvm.dylib+0x5e93ac]
V  [libjvm.dylib+0x5e9a7b]
V  [libjvm.dylib+0x5e98a7]
V  [libjvm.dylib+0x5b2be7]
V  [libjvm.dylib+0x4a7431]
V  [libjvm.dylib+0x747827]
V  [libjvm.dylib+0x746e9c]
V  [libjvm.dylib+0x746b8e]
V  [libjvm.dylib+0x7467b9]
V  [libjvm.dylib+0x5f02f3]
C  [libsystem_pthread.dylib+0x36c1]  _pthread_body+0x154
C  [libsystem_pthread.dylib+0x356d]  _pthread_body+0x0
C  [libsystem_pthread.dylib+0x2c5d]  thread_start+0xd


siginfo: si_signo: 11 (SIGSEGV), si_code: 0 (unknown), si_addr: 0x0000000000000000

Register to memory mapping:

RAX=0x00000000ffffb633 is an unknown value
RBX=0x0000700001f97858 is an unknown value
RCX=0x00007f8322405ae0 is an unknown value
RDX=0x03fffffffffffed8 is an unknown value
RSP=0x0000700001f97650 is an unknown value
RBP=0x0000700001f97660 is an unknown value
RSI=0xffffffffffffb633 is an unknown value
RDI=0x0000700001f97858 is an unknown value
R8 =0x0000000000000000 is an unknown value
R9 =0x000000000000002d is an unknown value
R10=0x00000000fffff800 is an unknown value
R11=0x00007f8322700000 is an unknown value
R12=0x0000700001f97858 is an unknown value
R13=0x000000000000001b is an unknown value
R14=0x000000010674f158: _ZN14GenerateOopMap11bb_mark_fctEPS_iPi+0 in /Library/Java/JavaVirtualMachines/jdk-9.0.4.jdk/Contents/Home/lib/server/libjvm.dylib at 0x0000000106400000
R15=0x0000000000000000 is an unknown value


Registers:
RAX=0x00000000ffffb633, RBX=0x0000700001f97858, RCX=0x00007f8322405ae0, RDX=0x03fffffffffffed8
RSP=0x0000700001f97650, RBP=0x0000700001f97660, RSI=0xffffffffffffb633, RDI=0x0000700001f97858
R8 =0x0000000000000000, R9 =0x000000000000002d, R10=0x00000000fffff800, R11=0x00007f8322700000
R12=0x0000700001f97858, R13=0x000000000000001b, R14=0x000000010674f158, R15=0x0000000000000000
RIP=0x000000010674f171, EFLAGS=0x0000000000010a07, ERR=0x0000000000000000
  TRAPNO=0x000000000000000d

Top of Stack: (sp=0x0000700001f97650)
0x0000700001f97650:   000000010c6cb618 0000700001f97601
0x0000700001f97660:   0000700001f976c0 000000010674f3a6
0x0000700001f97670:   0000700001f978c8 0000700001f97858
0x0000700001f97680:   00007f8323817000 0000700001f976e8
0x0000700001f97690:   000000010c6c7648 0000700001f976e0
0x0000700001f976a0:   0000700001f97858 0000000000000001
0x0000700001f976b0:   00000000000000a7 000000000000001b
0x0000700001f976c0:   0000700001f97740 000000010674f27d
0x0000700001f976d0:   000000010c6c779e 0000000106740002
0x0000700001f976e0:   00007f8322408820 000000010c6c77b0
0x0000700001f976f0:   00007f8323817000 0000001e0000001b
0x0000700001f97700:   000000a70000009f 000000a700000000
0x0000700001f97710:   4262042da63c0097 0000700001f97858
0x0000700001f97720:   00007f8322405a90 0000700001f979a0
0x0000700001f97730:   00007f8323817000 00007f8322405a90
0x0000700001f97740:   0000700001f977e0 0000000106752609
0x0000700001f97750:   4262042da63c0000 0000000000000000
0x0000700001f97760:   0000000106b6d75f 00007fff9a94d600
0x0000700001f97770:   ffffffffffffffff 0000000000000000
0x0000700001f97780:   0000000000000000 00007fff619d0100
0x0000700001f97790:   0000000000000000 0000700001f97b80
0x0000700001f977a0:   0000700001f97700 0000000000000000
0x0000700001f977b0:   0000000106b9c1b9 0000000000000000
0x0000700001f977c0:   0000700001f97858 0000700001f97848
0x0000700001f977d0:   00007f8323817000 0000700001f97858
0x0000700001f977e0:   0000700001f97830 00000001069e8c48
0x0000700001f977f0:   00007f8322408820 00007f8322405a30
0x0000700001f97800:   00007f8322405a40 00007f8322405e18
0x0000700001f97810:   00000000000003d8 00007f8322760e70
0x0000700001f97820:   0000000000000000 0000700001f97858
0x0000700001f97830:   0000700001f97990 00000001069e93ac
0x0000700001f97840:   4262042da63c0097 000000010c6c77b0 

Instructions: (pc=0x000000010674f171)
0x000000010674f151:   28 5d e9 14 c3 de ff 55 48 89 e5 53 50 89 f0 48
0x000000010674f161:   89 fb 48 63 f0 48 8b 4b 70 48 89 f2 48 c1 ea 06
0x000000010674f171:   48 8b 0c d1 48 0f a3 c1 72 11 48 8d 7b 70 ba 01
0x000000010674f181:   00 00 00 e8 b5 c9 de ff ff 43 6c 48 83 c4 08 5b 

VM_Operation (0x0000700002935a18): GetOrSetLocal, mode: safepoint, requested by thread 0x00007f83228ca000


---------------  P R O C E S S  ---------------

Java Threads: ( => current thread )
  0x00007f83228d4000 JavaThread "Service Thread" daemon [_thread_blocked, id=24067, stack(0x0000700002b3f000,0x0000700002c3f000)]
  0x00007f8323006800 JavaThread "JDWP Command Reader" daemon [_thread_in_native, id=23555, stack(0x0000700002a3c000,0x0000700002b3c000)]
  0x00007f8324046800 JavaThread "JDWP Event Helper Thread" daemon [_thread_blocked, id=23299, stack(0x0000700002939000,0x0000700002a39000)]
  0x00007f83228ca000 JavaThread "JDWP Transport Listener: dt_socket" daemon [_thread_blocked, id=41479, stack(0x0000700002836000,0x0000700002936000)]
  0x00007f8322835000 JavaThread "Common-Cleaner" daemon [_thread_blocked, id=41987, stack(0x0000700002733000,0x0000700002833000)]
  0x00007f8323062000 JavaThread "Sweeper thread" daemon [_thread_blocked, id=22531, stack(0x0000700002630000,0x0000700002730000)]
  0x00007f8323061000 JavaThread "C1 CompilerThread2" daemon [_thread_blocked, id=22019, stack(0x000070000252d000,0x000070000262d000)]
  0x00007f832300e800 JavaThread "C2 CompilerThread1" daemon [_thread_blocked, id=42499, stack(0x000070000242a000,0x000070000252a000)]
  0x00007f8323009000 JavaThread "C2 CompilerThread0" daemon [_thread_blocked, id=43011, stack(0x0000700002327000,0x0000700002427000)]
  0x00007f832405b000 JavaThread "Signal Dispatcher" daemon [_thread_blocked, id=21763, stack(0x0000700002224000,0x0000700002324000)]
  0x00007f8322837800 JavaThread "Finalizer" daemon [_thread_blocked, id=17411, stack(0x000070000209e000,0x000070000219e000)]
  0x00007f8324055800 JavaThread "Reference Handler" daemon [_thread_blocked, id=13571, stack(0x0000700001f9b000,0x000070000209b000)]
  0x00007f8322808800 JavaThread "main" [_thread_blocked, id=5891, stack(0x0000700001274000,0x0000700001374000)]

Other Threads:
=>0x00007f8323817000 VMThread "VM Thread" [stack: 0x0000700001e98000,0x0000700001f98000] [id=13315]
  0x00007f8324047800 WatcherThread [stack: 0x0000700002c42000,0x0000700002d42000] [id=24323]
  0x00007f8324005800 GCTaskThread "GC Thread#0" [stack: 0x0000700001377000,0x0000700001477000] [id=10755]
  0x00007f8324006000 GCTaskThread "GC Thread#1" [stack: 0x000070000147a000,0x000070000157a000] [id=11267]
  0x00007f8324007000 GCTaskThread "GC Thread#2" [stack: 0x000070000157d000,0x000070000167d000] [id=11523]
  0x00007f8324007800 GCTaskThread "GC Thread#3" [stack: 0x0000700001680000,0x0000700001780000] [id=20995]
  0x00007f832401f800 ConcurrentGCThread "G1 Main Marker" [stack: 0x0000700001c92000,0x0000700001d92000] [id=18947]
  0x00007f8324020000 ConcurrentGCThread "G1 Marker#0" [stack: 0x0000700001d95000,0x0000700001e95000] [id=13059]
  0x00007f832400a800 ConcurrentGCThread "G1 Refine#0" [stack: 0x0000700001a8c000,0x0000700001b8c000] [id=19459]
  0x00007f8324009800 ConcurrentGCThread "G1 Refine#1" [stack: 0x0000700001989000,0x0000700001a89000] [id=19971]
  0x00007f8324009000 ConcurrentGCThread "G1 Refine#2" [stack: 0x0000700001886000,0x0000700001986000] [id=12035]
  0x00007f8324008000 ConcurrentGCThread "G1 Refine#3" [stack: 0x0000700001783000,0x0000700001883000] [id=20739]
  0x00007f832400b000 ConcurrentGCThread "G1 Young RemSet Sampling" [stack: 0x0000700001b8f000,0x0000700001c8f000] [id=12291]

Threads with active compile tasks:

VM state:at safepoint (normal execution)

VM Mutex/Monitor currently owned by a thread:  ([mutex/lock_event])
[0x00007f8322510fe0] Threads_lock - owner thread: 0x00007f8323817000

Heap address: 0x0000000780000000, size: 1024 MB, Compressed Oops mode: Zero based, Oop shift amount: 3
Narrow klass base: 0x0000000000000000, Narrow klass shift: 3
Compressed class space size: 1073741824 Address: 0x00000007c0000000

Heap:
 garbage-first heap   total 65536K, used 1024K [0x0000000780000000, 0x0000000780100200, 0x00000007c0000000)
  region size 1024K, 2 young (2048K), 0 survivors (0K)
 Metaspace       used 4271K, capacity 4728K, committed 4864K, reserved 1056768K
  class space    used 371K, capacity 424K, committed 512K, reserved 1048576K
Heap Regions: E=young(eden), S=young(survivor), O=old, HS=humongous(starts), HC=humongous(continues), CS=collection set, F=free, A=archive, TS=gc time stamp, AC=allocation context, TAMS=top-at-mark-start (previous, next)
|   0|0x0000000780000000, 0x0000000780000000, 0x0000000780100000|  0%| F|  |TS  0|AC  0|TAMS 0x0000000780000000, 0x0000000780000000|
|   1|0x0000000780100000, 0x0000000780100000, 0x0000000780200000|  0%| F|  |TS  0|AC  0|TAMS 0x0000000780100000, 0x0000000780100000|
|   2|0x0000000780200000, 0x0000000780200000, 0x0000000780300000|  0%| F|  |TS  0|AC  0|TAMS 0x0000000780200000, 0x0000000780200000|
|   3|0x0000000780300000, 0x0000000780300000, 0x0000000780400000|  0%| F|  |TS  0|AC  0|TAMS 0x0000000780300000, 0x0000000780300000|
|   4|0x0000000780400000, 0x0000000780400000, 0x0000000780500000|  0%| F|  |TS  0|AC  0|TAMS 0x0000000780400000, 0x0000000780400000|
|   5|0x0000000780500000, 0x0000000780500000, 0x0000000780600000|  0%| F|  |TS  0|AC  0|TAMS 0x0000000780500000, 0x0000000780500000|
|   6|0x0000000780600000, 0x0000000780600000, 0x0000000780700000|  0%| F|  |TS  0|AC  0|TAMS 0x0000000780600000, 0x0000000780600000|
|   7|0x0000000780700000, 0x0000000780700000, 0x0000000780800000|  0%| F|  |TS  0|AC  0|TAMS 0x0000000780700000, 0x0000000780700000|
|   8|0x0000000780800000, 0x0000000780800000, 0x0000000780900000|  0%| F|  |TS  0|AC  0|TAMS 0x0000000780800000, 0x0000000780800000|
|   9|0x0000000780900000, 0x0000000780900000, 0x0000000780a00000|  0%| F|  |TS  0|AC  0|TAMS 0x0000000780900000, 0x0000000780900000|
|  10|0x0000000780a00000, 0x0000000780a00000, 0x0000000780b00000|  0%| F|  |TS  0|AC  0|TAMS 0x0000000780a00000, 0x0000000780a00000|
|  11|0x0000000780b00000, 0x0000000780b00000, 0x0000000780c00000|  0%| F|  |TS  0|AC  0|TAMS 0x0000000780b00000, 0x0000000780b00000|
|  12|0x0000000780c00000, 0x0000000780c00000, 0x0000000780d00000|  0%| F|  |TS  0|AC  0|TAMS 0x0000000780c00000, 0x0000000780c00000|
|  13|0x0000000780d00000, 0x0000000780d00000, 0x0000000780e00000|  0%| F|  |TS  0|AC  0|TAMS 0x0000000780d00000, 0x0000000780d00000|
|  14|0x0000000780e00000, 0x0000000780e00000, 0x0000000780f00000|  0%| F|  |TS  0|AC  0|TAMS 0x0000000780e00000, 0x0000000780e00000|
|  15|0x0000000780f00000, 0x0000000780f00000, 0x0000000781000000|  0%| F|  |TS  0|AC  0|TAMS 0x0000000780f00000, 0x0000000780f00000|
|  16|0x0000000781000000, 0x0000000781000000, 0x0000000781100000|  0%| F|  |TS  0|AC  0|TAMS 0x0000000781000000, 0x0000000781000000|
|  17|0x0000000781100000, 0x0000000781100000, 0x0000000781200000|  0%| F|  |TS  0|AC  0|TAMS 0x0000000781100000, 0x0000000781100000|
|  18|0x0000000781200000, 0x0000000781200000, 0x0000000781300000|  0%| F|  |TS  0|AC  0|TAMS 0x0000000781200000, 0x0000000781200000|
|  19|0x0000000781300000, 0x0000000781300000, 0x0000000781400000|  0%| F|  |TS  0|AC  0|TAMS 0x0000000781300000, 0x0000000781300000|
|  20|0x0000000781400000, 0x0000000781400000, 0x0000000781500000|  0%| F|  |TS  0|AC  0|TAMS 0x0000000781400000, 0x0000000781400000|
|  21|0x0000000781500000, 0x0000000781500000, 0x0000000781600000|  0%| F|  |TS  0|AC  0|TAMS 0x0000000781500000, 0x0000000781500000|
|  22|0x0000000781600000, 0x0000000781600000, 0x0000000781700000|  0%| F|  |TS  0|AC  0|TAMS 0x0000000781600000, 0x0000000781600000|
|  23|0x0000000781700000, 0x0000000781700000, 0x0000000781800000|  0%| F|  |TS  0|AC  0|TAMS 0x0000000781700000, 0x0000000781700000|
|  24|0x0000000781800000, 0x0000000781800000, 0x0000000781900000|  0%| F|  |TS  0|AC  0|TAMS 0x0000000781800000, 0x0000000781800000|
|  25|0x0000000781900000, 0x0000000781900000, 0x0000000781a00000|  0%| F|  |TS  0|AC  0|TAMS 0x0000000781900000, 0x0000000781900000|
|  26|0x0000000781a00000, 0x0000000781a00000, 0x0000000781b00000|  0%| F|  |TS  0|AC  0|TAMS 0x0000000781a00000, 0x0000000781a00000|
|  27|0x0000000781b00000, 0x0000000781b00000, 0x0000000781c00000|  0%| F|  |TS  0|AC  0|TAMS 0x0000000781b00000, 0x0000000781b00000|
|  28|0x0000000781c00000, 0x0000000781c00000, 0x0000000781d00000|  0%| F|  |TS  0|AC  0|TAMS 0x0000000781c00000, 0x0000000781c00000|
|  29|0x0000000781d00000, 0x0000000781d00000, 0x0000000781e00000|  0%| F|  |TS  0|AC  0|TAMS 0x0000000781d00000, 0x0000000781d00000|
|  30|0x0000000781e00000, 0x0000000781e00000, 0x0000000781f00000|  0%| F|  |TS  0|AC  0|TAMS 0x0000000781e00000, 0x0000000781e00000|
|  31|0x0000000781f00000, 0x0000000781f00000, 0x0000000782000000|  0%| F|  |TS  0|AC  0|TAMS 0x0000000781f00000, 0x0000000781f00000|
|  32|0x0000000782000000, 0x0000000782000000, 0x0000000782100000|  0%| F|  |TS  0|AC  0|TAMS 0x0000000782000000, 0x0000000782000000|
|  33|0x0000000782100000, 0x0000000782100000, 0x0000000782200000|  0%| F|  |TS  0|AC  0|TAMS 0x0000000782100000, 0x0000000782100000|
|  34|0x0000000782200000, 0x0000000782200000, 0x0000000782300000|  0%| F|  |TS  0|AC  0|TAMS 0x0000000782200000, 0x0000000782200000|
|  35|0x0000000782300000, 0x0000000782300000, 0x0000000782400000|  0%| F|  |TS  0|AC  0|TAMS 0x0000000782300000, 0x0000000782300000|
|  36|0x0000000782400000, 0x0000000782400000, 0x0000000782500000|  0%| F|  |TS  0|AC  0|TAMS 0x0000000782400000, 0x0000000782400000|
|  37|0x0000000782500000, 0x0000000782500000, 0x0000000782600000|  0%| F|  |TS  0|AC  0|TAMS 0x0000000782500000, 0x0000000782500000|
|  38|0x0000000782600000, 0x0000000782600000, 0x0000000782700000|  0%| F|  |TS  0|AC  0|TAMS 0x0000000782600000, 0x0000000782600000|
|  39|0x0000000782700000, 0x0000000782700000, 0x0000000782800000|  0%| F|  |TS  0|AC  0|TAMS 0x0000000782700000, 0x0000000782700000|
|  40|0x0000000782800000, 0x0000000782800000, 0x0000000782900000|  0%| F|  |TS  0|AC  0|TAMS 0x0000000782800000, 0x0000000782800000|
|  41|0x0000000782900000, 0x0000000782900000, 0x0000000782a00000|  0%| F|  |TS  0|AC  0|TAMS 0x0000000782900000, 0x0000000782900000|
|  42|0x0000000782a00000, 0x0000000782a00000, 0x0000000782b00000|  0%| F|  |TS  0|AC  0|TAMS 0x0000000782a00000, 0x0000000782a00000|
|  43|0x0000000782b00000, 0x0000000782b00000, 0x0000000782c00000|  0%| F|  |TS  0|AC  0|TAMS 0x0000000782b00000, 0x0000000782b00000|
|  44|0x0000000782c00000, 0x0000000782c00000, 0x0000000782d00000|  0%| F|  |TS  0|AC  0|TAMS 0x0000000782c00000, 0x0000000782c00000|
|  45|0x0000000782d00000, 0x0000000782d00000, 0x0000000782e00000|  0%| F|  |TS  0|AC  0|TAMS 0x0000000782d00000, 0x0000000782d00000|
|  46|0x0000000782e00000, 0x0000000782e00000, 0x0000000782f00000|  0%| F|  |TS  0|AC  0|TAMS 0x0000000782e00000, 0x0000000782e00000|
|  47|0x0000000782f00000, 0x0000000782f00000, 0x0000000783000000|  0%| F|  |TS  0|AC  0|TAMS 0x0000000782f00000, 0x0000000782f00000|
|  48|0x0000000783000000, 0x0000000783000000, 0x0000000783100000|  0%| F|  |TS  0|AC  0|TAMS 0x0000000783000000, 0x0000000783000000|
|  49|0x0000000783100000, 0x0000000783100000, 0x0000000783200000|  0%| F|  |TS  0|AC  0|TAMS 0x0000000783100000, 0x0000000783100000|
|  50|0x0000000783200000, 0x0000000783200000, 0x0000000783300000|  0%| F|  |TS  0|AC  0|TAMS 0x0000000783200000, 0x0000000783200000|
|  51|0x0000000783300000, 0x0000000783300000, 0x0000000783400000|  0%| F|  |TS  0|AC  0|TAMS 0x0000000783300000, 0x0000000783300000|
|  52|0x0000000783400000, 0x0000000783400000, 0x0000000783500000|  0%| F|  |TS  0|AC  0|TAMS 0x0000000783400000, 0x0000000783400000|
|  53|0x0000000783500000, 0x0000000783500000, 0x0000000783600000|  0%| F|  |TS  0|AC  0|TAMS 0x0000000783500000, 0x0000000783500000|
|  54|0x0000000783600000, 0x0000000783600000, 0x0000000783700000|  0%| F|  |TS  0|AC  0|TAMS 0x0000000783600000, 0x0000000783600000|
|  55|0x0000000783700000, 0x0000000783700000, 0x0000000783800000|  0%| F|  |TS  0|AC  0|TAMS 0x0000000783700000, 0x0000000783700000|
|  56|0x0000000783800000, 0x0000000783800000, 0x0000000783900000|  0%| F|  |TS  0|AC  0|TAMS 0x0000000783800000, 0x0000000783800000|
|  57|0x0000000783900000, 0x0000000783900000, 0x0000000783a00000|  0%| F|  |TS  0|AC  0|TAMS 0x0000000783900000, 0x0000000783900000|
|  58|0x0000000783a00000, 0x0000000783a00000, 0x0000000783b00000|  0%| F|  |TS  0|AC  0|TAMS 0x0000000783a00000, 0x0000000783a00000|
|  59|0x0000000783b00000, 0x0000000783b00000, 0x0000000783c00000|  0%| F|  |TS  0|AC  0|TAMS 0x0000000783b00000, 0x0000000783b00000|
|  60|0x0000000783c00000, 0x0000000783c00000, 0x0000000783d00000|  0%| F|  |TS  0|AC  0|TAMS 0x0000000783c00000, 0x0000000783c00000|
|  61|0x0000000783d00000, 0x0000000783d00000, 0x0000000783e00000|  0%| F|  |TS  0|AC  0|TAMS 0x0000000783d00000, 0x0000000783d00000|
|  62|0x0000000783e00000, 0x0000000783f00000, 0x0000000783f00000|100%| E|  |TS  0|AC  0|TAMS 0x0000000783e00000, 0x0000000783e00000|
|  63|0x0000000783f00000, 0x0000000784000000, 0x0000000784000000|100%| E|CS|TS  0|AC  0|TAMS 0x0000000783f00000, 0x0000000783f00000|

Card table byte_map: [0x0000000107a79000,0x0000000107c79000] byte_map_base: 0x0000000103e79000

Marking Bits (Prev, Next): (CMBitMap*) 0x00007f832401ea70, (CMBitMap*) 0x00007f832401eaa8
 Prev Bits: [0x0000000107e79000, 0x0000000108e79000)
 Next Bits: [0x0000000108e79000, 0x0000000109e79000)

Polling page: 0x0000000105b04000

CodeHeap 'non-profiled nmethods': size=120032Kb used=43Kb max_used=43Kb free=119988Kb
 bounds [0x00000001214b1000, 0x0000000121721000, 0x00000001289e9000]
CodeHeap 'profiled nmethods': size=120032Kb used=191Kb max_used=191Kb free=119841Kb
 bounds [0x0000000119f79000, 0x000000011a1e9000, 0x00000001214b1000]
CodeHeap 'non-nmethods': size=5696Kb used=1130Kb max_used=1139Kb free=4565Kb
 bounds [0x00000001199e9000, 0x0000000119c59000, 0x0000000119f79000]
 total_blobs=455 nmethods=149 adapters=168
 compilation: enabled

Compilation events (10 events):
Event: 0.319 Thread 0x00007f8323061000  145       3       java.lang.String::<init> (15 bytes)
Event: 0.320 Thread 0x00007f8323061000 nmethod 145 0x0000000119fa6f10 code [0x0000000119fa70c0, 0x0000000119fa72d0]
Event: 0.320 Thread 0x00007f8323061000  146       3       java.util.concurrent.ConcurrentHashMap::setTabAt (20 bytes)
Event: 0.320 Thread 0x00007f8323061000 nmethod 146 0x0000000119fa7390 code [0x0000000119fa7540, 0x0000000119fa77d0]
Event: 0.322 Thread 0x00007f8323061000  147       3       java.lang.AbstractStringBuilder::putStringAt (29 bytes)
Event: 0.322 Thread 0x00007f8323061000 nmethod 147 0x0000000119fa7890 code [0x0000000119fa7a60, 0x0000000119fa7f18]
Event: 0.322 Thread 0x00007f8323061000  148       3       java.lang.AbstractStringBuilder::getCoder (15 bytes)
Event: 0.323 Thread 0x00007f8323061000 nmethod 148 0x0000000119fa8090 code [0x0000000119fa8240, 0x0000000119fa83b0]
Event: 0.323 Thread 0x00007f8323061000  149       3       java.lang.String::getBytes (44 bytes)
Event: 0.323 Thread 0x00007f8323061000 nmethod 149 0x0000000119fa8410 code [0x0000000119fa8600, 0x0000000119fa8a58]

GC Heap History (0 events):
No events

Deoptimization events (0 events):
No events

Classes redefined (6 events):
Event: 183.644 Thread 0x00007f8323817000 redefined class name=player.Board, count=1
Event: 367.974 Thread 0x00007f8323817000 redefined class name=player.Board, count=2
Event: 683.700 Thread 0x00007f8323817000 redefined class name=player.Chip, count=1
Event: 823.887 Thread 0x00007f8323817000 redefined class name=player.Board, count=3
Event: 978.652 Thread 0x00007f8323817000 redefined class name=player.Board, count=4
Event: 1006.261 Thread 0x00007f8323817000 redefined class name=player.Board, count=5

Internal exceptions (0 events):
No events

Events (10 events):
Event: 1006.329 Executing VM operation: GetFrameLocation done
Event: 1006.955 Executing VM operation: GetFrameCount
Event: 1006.955 Executing VM operation: GetFrameCount done
Event: 1006.955 Executing VM operation: GetOwnedMonitorInfo
Event: 1006.955 Executing VM operation: GetOwnedMonitorInfo done
Event: 1006.955 Executing VM operation: GetCurrentContendedMonitor
Event: 1006.955 Executing VM operation: GetCurrentContendedMonitor done
Event: 1118.917 Executing VM operation: GetFrameLocation
Event: 1118.917 Executing VM operation: GetFrameLocation done
Event: 1118.917 Executing VM operation: GetOrSetLocal


Dynamic libraries:
0x00007fff397e3000 	/System/Library/Frameworks/Cocoa.framework/Versions/A/Cocoa
0x00007fff45ba0000 	/System/Library/Frameworks/Security.framework/Versions/A/Security
0x00007fff38452000 	/System/Library/Frameworks/ApplicationServices.framework/Versions/A/ApplicationServices
0x00007fff616fc000 	/usr/lib/libz.1.dylib
0x00007fff5f710000 	/usr/lib/libSystem.B.dylib
0x00007fff39f7d000 	/System/Library/Frameworks/CoreFoundation.framework/Versions/A/CoreFoundation
0x00007fff3c0b3000 	/System/Library/Frameworks/Foundation.framework/Versions/C/Foundation
0x00007fff60d11000 	/usr/lib/libobjc.A.dylib
0x00007fff375a3000 	/System/Library/Frameworks/AppKit.framework/Versions/C/AppKit
0x00007fff39b5b000 	/System/Library/Frameworks/CoreData.framework/Versions/A/CoreData
0x00007fff59151000 	/System/Library/PrivateFrameworks/RemoteViewServices.framework/Versions/A/RemoteViewServices
0x00007fff5d7a6000 	/System/Library/PrivateFrameworks/UIFoundation.framework/Versions/A/UIFoundation
0x00007fff4e19f000 	/System/Library/PrivateFrameworks/DFRFoundation.framework/Versions/A/DFRFoundation
0x00007fff3e58a000 	/System/Library/Frameworks/Metal.framework/Versions/A/Metal
0x00007fff4e340000 	/System/Library/PrivateFrameworks/DesktopServicesPriv.framework/Versions/A/DesktopServicesPriv
0x00007fff60313000 	/usr/lib/libenergytrace.dylib
0x00007fff5b8ca000 	/System/Library/PrivateFrameworks/SkyLight.framework/Versions/A/SkyLight
0x00007fff3a41f000 	/System/Library/Frameworks/CoreGraphics.framework/Versions/A/CoreGraphics
0x00007fff5f70b000 	/usr/lib/libScreenReader.dylib
0x00007fff36564000 	/System/Library/Frameworks/Accelerate.framework/Versions/A/Accelerate
0x00007fff3c82a000 	/System/Library/Frameworks/IOSurface.framework/Versions/A/IOSurface
0x00007fff3899c000 	/System/Library/Frameworks/AudioToolbox.framework/Versions/A/AudioToolbox
0x00007fff38c29000 	/System/Library/Frameworks/AudioUnit.framework/Versions/A/AudioUnit
0x00007fff4e23b000 	/System/Library/PrivateFrameworks/DataDetectorsCore.framework/Versions/A/DataDetectorsCore
0x00007fff392ea000 	/System/Library/Frameworks/Carbon.framework/Versions/A/Frameworks/HIToolbox.framework/Versions/A/HIToolbox
0x00007fff6046d000 	/usr/lib/libicucore.A.dylib
0x00007fff4511f000 	/System/Library/Frameworks/QuartzCore.framework/Versions/A/QuartzCore
0x00007fff396d0000 	/System/Library/Frameworks/Carbon.framework/Versions/A/Frameworks/SpeechRecognition.framework/Versions/A/SpeechRecognition
0x00007fff5f86c000 	/usr/lib/libauto.dylib
0x00007fff615eb000 	/usr/lib/libxml2.2.dylib
0x00007fff4de19000 	/System/Library/PrivateFrameworks/CoreUI.framework/Versions/A/CoreUI
0x00007fff39a37000 	/System/Library/Frameworks/CoreAudio.framework/Versions/A/CoreAudio
0x00007fff3beed000 	/System/Library/Frameworks/DiskArbitration.framework/Versions/A/DiskArbitration
0x00007fff606e1000 	/usr/lib/liblangid.dylib
0x00007fff556a0000 	/System/Library/PrivateFrameworks/MultitouchSupport.framework/Versions/A/MultitouchSupport
0x00007fff3c78d000 	/System/Library/Frameworks/IOKit.framework/Versions/A/IOKit
0x00007fff5f3a8000 	/usr/lib/libDiagnosticMessagesClient.dylib
0x00007fff3b0dd000 	/System/Library/Frameworks/CoreServices.framework/Versions/A/CoreServices
0x00007fff5713a000 	/System/Library/PrivateFrameworks/PerformanceAnalysis.framework/Versions/A/PerformanceAnalysis
0x00007fff442c9000 	/System/Library/Frameworks/OpenGL.framework/Versions/A/OpenGL
0x00007fff397f1000 	/System/Library/Frameworks/ColorSync.framework/Versions/A/ColorSync
0x00007fff3aa2e000 	/System/Library/Frameworks/CoreImage.framework/Versions/A/CoreImage
0x00007fff3ba5e000 	/System/Library/Frameworks/CoreText.framework/Versions/A/CoreText
0x00007fff3c888000 	/System/Library/Frameworks/ImageIO.framework/Versions/A/ImageIO
0x00007fff4a672000 	/System/Library/PrivateFrameworks/Backup.framework/Versions/A/Backup
0x00007fff5f7bc000 	/usr/lib/libarchive.2.dylib
0x00007fff38f3e000 	/System/Library/Frameworks/CFNetwork.framework/Versions/A/CFNetwork
0x00007fff4631c000 	/System/Library/Frameworks/SystemConfiguration.framework/Versions/A/SystemConfiguration
0x00007fff5f2d1000 	/usr/lib/libCRFSuite.dylib
0x00007fff5f944000 	/usr/lib/libc++.1.dylib
0x00007fff5f99b000 	/usr/lib/libc++abi.dylib
0x00007fff617ac000 	/usr/lib/system/libcache.dylib
0x00007fff617b1000 	/usr/lib/system/libcommonCrypto.dylib
0x00007fff617bc000 	/usr/lib/system/libcompiler_rt.dylib
0x00007fff617c4000 	/usr/lib/system/libcopyfile.dylib
0x00007fff617cd000 	/usr/lib/system/libcorecrypto.dylib
0x00007fff618da000 	/usr/lib/system/libdispatch.dylib
0x00007fff61914000 	/usr/lib/system/libdyld.dylib
0x00007fff61932000 	/usr/lib/system/libkeymgr.dylib
0x00007fff61940000 	/usr/lib/system/liblaunch.dylib
0x00007fff61941000 	/usr/lib/system/libmacho.dylib
0x00007fff61946000 	/usr/lib/system/libquarantine.dylib
0x00007fff61949000 	/usr/lib/system/libremovefile.dylib
0x00007fff6194b000 	/usr/lib/system/libsystem_asl.dylib
0x00007fff61963000 	/usr/lib/system/libsystem_blocks.dylib
0x00007fff61964000 	/usr/lib/system/libsystem_c.dylib
0x00007fff619ee000 	/usr/lib/system/libsystem_configuration.dylib
0x00007fff619f2000 	/usr/lib/system/libsystem_coreservices.dylib
0x00007fff619f6000 	/usr/lib/system/libsystem_darwin.dylib
0x00007fff619f8000 	/usr/lib/system/libsystem_dnssd.dylib
0x00007fff619ff000 	/usr/lib/system/libsystem_info.dylib
0x00007fff61a6f000 	/usr/lib/system/libsystem_m.dylib
0x00007fff61abb000 	/usr/lib/system/libsystem_malloc.dylib
0x00007fff61adb000 	/usr/lib/system/libsystem_network.dylib
0x00007fff61b80000 	/usr/lib/system/libsystem_networkextension.dylib
0x00007fff61b8b000 	/usr/lib/system/libsystem_notify.dylib
0x00007fff61ba9000 	/usr/lib/system/libsystem_sandbox.dylib
0x00007fff61bad000 	/usr/lib/system/libsystem_secinit.dylib
0x00007fff61a49000 	/usr/lib/system/libsystem_kernel.dylib
0x00007fff61b95000 	/usr/lib/system/libsystem_platform.dylib
0x00007fff61b9d000 	/usr/lib/system/libsystem_pthread.dylib
0x00007fff61baf000 	/usr/lib/system/libsystem_symptoms.dylib
0x00007fff61bb7000 	/usr/lib/system/libsystem_trace.dylib
0x00007fff61bcc000 	/usr/lib/system/libunwind.dylib
0x00007fff61bd2000 	/usr/lib/system/libxpc.dylib
0x00007fff5f1fe000 	/usr/lib/closure/libclosured.dylib
0x00007fff5f925000 	/usr/lib/libbsm.0.dylib
0x00007fff61933000 	/usr/lib/system/libkxld.dylib
0x00007fff5f5e2000 	/usr/lib/libOpenScriptingUtil.dylib
0x00007fff5fc95000 	/usr/lib/libcoretls.dylib
0x00007fff5fcae000 	/usr/lib/libcoretls_cfhelpers.dylib
0x00007fff61112000 	/usr/lib/libpam.2.dylib
0x00007fff61238000 	/usr/lib/libsqlite3.dylib
0x00007fff615da000 	/usr/lib/libxar.1.dylib
0x00007fff5f936000 	/usr/lib/libbz2.1.0.dylib
0x00007fff606e3000 	/usr/lib/liblzma.5.dylib
0x00007fff60bc4000 	/usr/lib/libnetwork.dylib
0x00007fff5f7a5000 	/usr/lib/libapple_nghttp2.dylib
0x00007fff61119000 	/usr/lib/libpcap.A.dylib
0x00007fff5f86d000 	/usr/lib/libboringssl.dylib
0x00007fff6159c000 	/usr/lib/libusrtcp.dylib
0x00007fff5f7a4000 	/usr/lib/libapple_crypto.dylib
0x00007fff3b460000 	/System/Library/Frameworks/CoreServices.framework/Versions/A/Frameworks/FSEvents.framework/Versions/A/FSEvents
0x00007fff3b153000 	/System/Library/Frameworks/CoreServices.framework/Versions/A/Frameworks/CarbonCore.framework/Versions/A/CarbonCore
0x00007fff3b622000 	/System/Library/Frameworks/CoreServices.framework/Versions/A/Frameworks/Metadata.framework/Versions/A/Metadata
0x00007fff3b6d2000 	/System/Library/Frameworks/CoreServices.framework/Versions/A/Frameworks/OSServices.framework/Versions/A/OSServices
0x00007fff3b730000 	/System/Library/Frameworks/CoreServices.framework/Versions/A/Frameworks/SearchKit.framework/Versions/A/SearchKit
0x00007fff3b0de000 	/System/Library/Frameworks/CoreServices.framework/Versions/A/Frameworks/AE.framework/Versions/A/AE
0x00007fff3b469000 	/System/Library/Frameworks/CoreServices.framework/Versions/A/Frameworks/LaunchServices.framework/Versions/A/LaunchServices
0x00007fff3b42b000 	/System/Library/Frameworks/CoreServices.framework/Versions/A/Frameworks/DictionaryServices.framework/Versions/A/DictionaryServices
0x00007fff3b79f000 	/System/Library/Frameworks/CoreServices.framework/Versions/A/Frameworks/SharedFileList.framework/Versions/A/SharedFileList
0x00007fff3f756000 	/System/Library/Frameworks/NetFS.framework/Versions/A/NetFS
0x00007fff5592d000 	/System/Library/PrivateFrameworks/NetAuth.framework/Versions/A/NetAuth
0x00007fff5f098000 	/System/Library/PrivateFrameworks/login.framework/Versions/A/Frameworks/loginsupport.framework/Versions/A/loginsupport
0x00007fff5d42a000 	/System/Library/PrivateFrameworks/TCC.framework/Versions/A/TCC
0x00007fff607c4000 	/usr/lib/libmecabra.dylib
0x00007fff38453000 	/System/Library/Frameworks/ApplicationServices.framework/Versions/A/Frameworks/ATS.framework/Versions/A/ATS
0x00007fff38801000 	/System/Library/Frameworks/ApplicationServices.framework/Versions/A/Frameworks/ColorSyncLegacy.framework/Versions/A/ColorSyncLegacy
0x00007fff388a5000 	/System/Library/Frameworks/ApplicationServices.framework/Versions/A/Frameworks/HIServices.framework/Versions/A/HIServices
0x00007fff388f8000 	/System/Library/Frameworks/ApplicationServices.framework/Versions/A/Frameworks/LangAnalysis.framework/Versions/A/LangAnalysis
0x00007fff38907000 	/System/Library/Frameworks/ApplicationServices.framework/Versions/A/Frameworks/PrintCore.framework/Versions/A/PrintCore
0x00007fff38954000 	/System/Library/Frameworks/ApplicationServices.framework/Versions/A/Frameworks/QD.framework/Versions/A/QD
0x00007fff3898f000 	/System/Library/Frameworks/ApplicationServices.framework/Versions/A/Frameworks/SpeechSynthesis.framework/Versions/A/SpeechSynthesis
0x00007fff39eb0000 	/System/Library/Frameworks/CoreDisplay.framework/Versions/A/CoreDisplay
0x00007fff3657c000 	/System/Library/Frameworks/Accelerate.framework/Versions/A/Frameworks/vImage.framework/Versions/A/vImage
0x00007fff372b3000 	/System/Library/Frameworks/Accelerate.framework/Versions/A/Frameworks/vecLib.framework/Versions/A/vecLib
0x00007fff37055000 	/System/Library/Frameworks/Accelerate.framework/Versions/A/Frameworks/vecLib.framework/Versions/A/libvDSP.dylib
0x00007fff36bd6000 	/System/Library/Frameworks/Accelerate.framework/Versions/A/Frameworks/vecLib.framework/Versions/A/libBNNS.dylib
0x00007fff36fdc000 	/System/Library/Frameworks/Accelerate.framework/Versions/A/Frameworks/vecLib.framework/Versions/A/libQuadrature.dylib
0x00007fff37202000 	/System/Library/Frameworks/Accelerate.framework/Versions/A/Frameworks/vecLib.framework/Versions/A/libvMisc.dylib
0x00007fff36c05000 	/System/Library/Frameworks/Accelerate.framework/Versions/A/Frameworks/vecLib.framework/Versions/A/libLAPACK.dylib
0x00007fff36a7b000 	/System/Library/Frameworks/Accelerate.framework/Versions/A/Frameworks/vecLib.framework/Versions/A/libBLAS.dylib
0x00007fff36fc6000 	/System/Library/Frameworks/Accelerate.framework/Versions/A/Frameworks/vecLib.framework/Versions/A/libLinearAlgebra.dylib
0x00007fff36fe2000 	/System/Library/Frameworks/Accelerate.framework/Versions/A/Frameworks/vecLib.framework/Versions/A/libSparse.dylib
0x00007fff37041000 	/System/Library/Frameworks/Accelerate.framework/Versions/A/Frameworks/vecLib.framework/Versions/A/libSparseBLAS.dylib
0x00007fff53fd3000 	/System/Library/PrivateFrameworks/IOAccelerator.framework/Versions/A/IOAccelerator
0x00007fff53fde000 	/System/Library/PrivateFrameworks/IOPresentment.framework/Versions/A/IOPresentment
0x00007fff4e1b1000 	/System/Library/PrivateFrameworks/DSExternalDisplay.framework/Versions/A/DSExternalDisplay
0x00007fff4374b000 	/System/Library/Frameworks/OpenGL.framework/Versions/A/Libraries/libCoreFSCache.dylib
0x00007fff3bbad000 	/System/Library/Frameworks/CoreVideo.framework/Versions/A/CoreVideo
0x00007fff53626000 	/System/Library/PrivateFrameworks/GraphVisualizer.framework/Versions/A/GraphVisualizer
0x00007fff3e74d000 	/System/Library/Frameworks/MetalPerformanceShaders.framework/Versions/A/MetalPerformanceShaders
0x00007fff5f3e0000 	/usr/lib/libFosl_dynamic.dylib
0x00007fff4f1e4000 	/System/Library/PrivateFrameworks/FaceCore.framework/Versions/A/FaceCore
0x00007fff42553000 	/System/Library/Frameworks/OpenCL.framework/Versions/A/OpenCL
0x00007fff5f9d2000 	/usr/lib/libcompression.dylib
0x00007fff38552000 	/System/Library/Frameworks/ApplicationServices.framework/Versions/A/Frameworks/ATS.framework/Versions/A/Resources/libFontParser.dylib
0x00007fff38675000 	/System/Library/Frameworks/ApplicationServices.framework/Versions/A/Frameworks/ATS.framework/Versions/A/Resources/libFontRegistry.dylib
0x00007fff3caed000 	/System/Library/Frameworks/ImageIO.framework/Versions/A/Resources/libJPEG.dylib
0x00007fff3ce16000 	/System/Library/Frameworks/ImageIO.framework/Versions/A/Resources/libTIFF.dylib
0x00007fff3cdec000 	/System/Library/Frameworks/ImageIO.framework/Versions/A/Resources/libPng.dylib
0x00007fff3ca00000 	/System/Library/Frameworks/ImageIO.framework/Versions/A/Resources/libGIF.dylib
0x00007fff3ca05000 	/System/Library/Frameworks/ImageIO.framework/Versions/A/Resources/libJP2.dylib
0x00007fff3ce13000 	/System/Library/Frameworks/ImageIO.framework/Versions/A/Resources/libRadiance.dylib
0x00007fff49dd3000 	/System/Library/PrivateFrameworks/AppleJPEG.framework/Versions/A/AppleJPEG
0x00007fff5541e000 	/System/Library/PrivateFrameworks/MetalTools.framework/Versions/A/MetalTools
0x00007fff3e626000 	/System/Library/Frameworks/MetalPerformanceShaders.framework/Frameworks/MPSCore.framework/Versions/A/MPSCore
0x00007fff3e63c000 	/System/Library/Frameworks/MetalPerformanceShaders.framework/Frameworks/MPSImage.framework/Versions/A/MPSImage
0x00007fff3e6a8000 	/System/Library/Frameworks/MetalPerformanceShaders.framework/Frameworks/MPSMatrix.framework/Versions/A/MPSMatrix
0x00007fff3e6cc000 	/System/Library/Frameworks/MetalPerformanceShaders.framework/Frameworks/MPSNeuralNetwork.framework/Versions/A/MPSNeuralNetwork
0x00007fff43913000 	/System/Library/Frameworks/OpenGL.framework/Versions/A/Libraries/libGLU.dylib
0x00007fff43755000 	/System/Library/Frameworks/OpenGL.framework/Versions/A/Libraries/libGFXShared.dylib
0x00007fff4375e000 	/System/Library/Frameworks/OpenGL.framework/Versions/A/Libraries/libGL.dylib
0x00007fff4376a000 	/System/Library/Frameworks/OpenGL.framework/Versions/A/Libraries/libGLImage.dylib
0x00007fff43748000 	/System/Library/Frameworks/OpenGL.framework/Versions/A/Libraries/libCVMSPluginSupport.dylib
0x00007fff43750000 	/System/Library/Frameworks/OpenGL.framework/Versions/A/Libraries/libCoreVMClient.dylib
0x00007fff6017f000 	/usr/lib/libcups.2.dylib
0x00007fff3dbf2000 	/System/Library/Frameworks/Kerberos.framework/Versions/A/Kerberos
0x00007fff3c4e8000 	/System/Library/Frameworks/GSS.framework/Versions/A/GSS
0x00007fff611cc000 	/usr/lib/libresolv.9.dylib
0x00007fff6037b000 	/usr/lib/libiconv.2.dylib
0x00007fff536ad000 	/System/Library/PrivateFrameworks/Heimdal.framework/Versions/A/Heimdal
0x00007fff6034a000 	/usr/lib/libheimdal-asn1.dylib
0x00007fff425be000 	/System/Library/Frameworks/OpenDirectory.framework/Versions/A/OpenDirectory
0x00007fff4c089000 	/System/Library/PrivateFrameworks/CommonAuth.framework/Versions/A/CommonAuth
0x00007fff425a1000 	/System/Library/Frameworks/OpenDirectory.framework/Versions/A/Frameworks/CFOpenDirectory.framework/Versions/A/CFOpenDirectory
0x00007fff45eb8000 	/System/Library/Frameworks/SecurityFoundation.framework/Versions/A/SecurityFoundation
0x00007fff48fbf000 	/System/Library/PrivateFrameworks/APFS.framework/Versions/A/APFS
0x00007fff615d6000 	/usr/lib/libutil.dylib
0x00007fff49e56000 	/System/Library/PrivateFrameworks/AppleSauce.framework/Versions/A/AppleSauce
0x00007fff547b5000 	/System/Library/PrivateFrameworks/LinguisticData.framework/Versions/A/LinguisticData
0x00007fff606fd000 	/usr/lib/libmarisa.dylib
0x00007fff5476f000 	/System/Library/PrivateFrameworks/Lexicon.framework/Versions/A/Lexicon
0x00007fff5f30b000 	/usr/lib/libChineseTokenizer.dylib
0x00007fff5f9c1000 	/usr/lib/libcmph.dylib
0x00007fff54679000 	/System/Library/PrivateFrameworks/LanguageModeling.framework/Versions/A/LanguageModeling
0x00007fff4ca9f000 	/System/Library/PrivateFrameworks/CoreEmoji.framework/Versions/A/CoreEmoji
0x00007fff45f74000 	/System/Library/Frameworks/ServiceManagement.framework/Versions/A/ServiceManagement
0x00007fff4a66a000 	/System/Library/PrivateFrameworks/BackgroundTaskManagement.framework/Versions/A/BackgroundTaskManagement
0x00007fff616d3000 	/usr/lib/libxslt.1.dylib
0x00007fff395fa000 	/System/Library/Frameworks/Carbon.framework/Versions/A/Frameworks/Ink.framework/Versions/A/Ink
0x00007fff5d63e000 	/System/Library/PrivateFrameworks/TextureIO.framework/Versions/A/TextureIO
0x00007fff5f7e7000 	/usr/lib/libate.dylib
0x00007fff4e113000 	/System/Library/PrivateFrameworks/CrashReporterSupport.framework/Versions/A/CrashReporterSupport
0x00007fff5aa91000 	/System/Library/PrivateFrameworks/Sharing.framework/Versions/A/Sharing
0x00007fff543bf000 	/System/Library/PrivateFrameworks/IconServices.framework/Versions/A/IconServices
0x00007fff58f56000 	/System/Library/PrivateFrameworks/ProtocolBuffer.framework/Versions/A/ProtocolBuffer
0x00007fff49c5e000 	/System/Library/PrivateFrameworks/Apple80211.framework/Versions/A/Apple80211
0x00007fff3bbe8000 	/System/Library/Frameworks/CoreWLAN.framework/Versions/A/CoreWLAN
0x00007fff4df4e000 	/System/Library/PrivateFrameworks/CoreUtils.framework/Versions/A/CoreUtils
0x00007fff3c62a000 	/System/Library/Frameworks/IOBluetooth.framework/Versions/A/IOBluetooth
0x00007fff4e0ae000 	/System/Library/PrivateFrameworks/CoreWiFi.framework/Versions/A/CoreWiFi
0x00007fff39b31000 	/System/Library/Frameworks/CoreBluetooth.framework/Versions/A/CoreBluetooth
0x00007fff5abcc000 	/System/Library/PrivateFrameworks/SignpostNotification.framework/Versions/A/SignpostNotification
0x00007fff4e2ff000 	/System/Library/PrivateFrameworks/DebugSymbols.framework/Versions/A/DebugSymbols
0x00007fff4dd05000 	/System/Library/PrivateFrameworks/CoreSymbolication.framework/Versions/A/CoreSymbolication
0x00007fff5ceb4000 	/System/Library/PrivateFrameworks/Symbolication.framework/Versions/A/Symbolication
0x00007fff49c88000 	/System/Library/PrivateFrameworks/AppleFSCompression.framework/Versions/A/AppleFSCompression
0x00007fff5c315000 	/System/Library/PrivateFrameworks/SpeechRecognitionCore.framework/Versions/A/SpeechRecognitionCore
0x00007fff3266a000 	/System/Library/CoreServices/Encodings/libSimplifiedChineseConverter.dylib
0x0000000106400000 	/Library/Java/JavaVirtualMachines/jdk-9.0.4.jdk/Contents/Home/lib/server/libjvm.dylib
0x00007fff614cd000 	/usr/lib/libstdc++.6.0.9.dylib
0x0000000105ac2000 	/Library/Java/JavaVirtualMachines/jdk-9.0.4.jdk/Contents/Home/lib/libverify.dylib
0x0000000105acf000 	/Library/Java/JavaVirtualMachines/jdk-9.0.4.jdk/Contents/Home/lib/libjava.dylib
0x0000000105b05000 	/Library/Java/JavaVirtualMachines/jdk-9.0.4.jdk/Contents/Home/lib/libjdwp.dylib
0x0000000105b8a000 	/Library/Java/JavaVirtualMachines/jdk-9.0.4.jdk/Contents/Home/lib/libzip.dylib
0x0000000105b92000 	/Library/Java/JavaVirtualMachines/jdk-9.0.4.jdk/Contents/Home/lib/libjimage.dylib
0x000000010e511000 	/Library/Java/JavaVirtualMachines/jdk-9.0.4.jdk/Contents/Home/lib/libnio.dylib
0x000000010e521000 	/Library/Java/JavaVirtualMachines/jdk-9.0.4.jdk/Contents/Home/lib/./libnet.dylib
0x000000010e5e2000 	/Library/Java/JavaVirtualMachines/jdk-9.0.4.jdk/Contents/Home/lib/libdt_socket.dylib

VM Arguments:
jvm_args: -agentlib:jdwp=transport=dt_socket,suspend=y,address=localhost:56266 -Dfile.encoding=UTF-8 
java_command: player.Board
java_class_path (initial): /Users/koko/Downloads/cs61b14/pj/pj2/out/production/pj2
Launcher Type: SUN_STANDARD

Logging:
Log output configuration:
#0: stdout all=warning uptime,level,tags
#1: stderr all=off uptime,level,tags

Environment Variables:
PATH=/usr/bin:/bin:/usr/sbin:/sbin
SHELL=/bin/bash

Signal Handlers:
SIGSEGV: [libjvm.dylib+0x73f3dc], sa_mask[0]=11111111011111110111111111111111, sa_flags=SA_ONSTACK|SA_RESTART|SA_SIGINFO
SIGBUS: [libjvm.dylib+0x73f3dc], sa_mask[0]=11111111011111110111111111111111, sa_flags=SA_RESTART|SA_SIGINFO
SIGFPE: [libjvm.dylib+0x73f3dc], sa_mask[0]=11111111011111110111111111111111, sa_flags=SA_RESTART|SA_SIGINFO
SIGPIPE: [libjvm.dylib+0x5f233c], sa_mask[0]=11111111011111110111111111111111, sa_flags=SA_RESTART|SA_SIGINFO
SIGXFSZ: [libjvm.dylib+0x5f233c], sa_mask[0]=11111111011111110111111111111111, sa_flags=SA_RESTART|SA_SIGINFO
SIGILL: [libjvm.dylib+0x73f3dc], sa_mask[0]=11111111011111110111111111111111, sa_flags=SA_RESTART|SA_SIGINFO
SIGUSR2: [libjvm.dylib+0x5f2bcc], sa_mask[0]=00100000000000000000000000000000, sa_flags=SA_RESTART|SA_SIGINFO
SIGHUP: [libjvm.dylib+0x5f1409], sa_mask[0]=11111111011111110111111111111111, sa_flags=SA_RESTART|SA_SIGINFO
SIGINT: [libjvm.dylib+0x5f1409], sa_mask[0]=11111111011111110111111111111111, sa_flags=SA_RESTART|SA_SIGINFO
SIGTERM: [libjvm.dylib+0x5f1409], sa_mask[0]=11111111011111110111111111111111, sa_flags=SA_RESTART|SA_SIGINFO
SIGQUIT: [libjvm.dylib+0x5f1409], sa_mask[0]=11111111011111110111111111111111, sa_flags=SA_RESTART|SA_SIGINFO


---------------  S Y S T E M  ---------------

OS:uname:Darwin 17.4.0 Darwin Kernel Version 17.4.0: Sun Dec 17 09:19:54 PST 2017; root:xnu-4570.41.2~1/RELEASE_X86_64 x86_64
rlimit: STACK 8192k, CORE 0k, NPROC 709, NOFILE 10240, AS infinity
load average:3.44 3.39 3.41

CPU:total 4 (initial active 4) (2 cores per cpu, 2 threads per core) family 6 model 69 stepping 1, cmov, cx8, fxsr, mmx, sse, sse2, sse3, ssse3, sse4.1, sse4.2, popcnt, avx, avx2, aes, clmul, erms, lzcnt, ht, tsc, tscinvbit, bmi1, bmi2, fma

Memory: 4k page, physical 4194304k(15020k free)

vm_info: Java HotSpot(TM) 64-Bit Server VM (9.0.4+11) for bsd-amd64 JRE (9.0.4+11), built on Dec 20 2017 02:08:50 by "mach5one" with gcc 4.2.1 Compatible Apple LLVM 6.1.0 (clang-602.0.49)

END.
